[08:13:20] [main/INFO]: Loading Minecraft 1.21 with Fabric Loader 0.16.3
[08:13:20] [main/INFO]: Fabric is preparing JARs on first launch, this may take a few seconds...
[08:13:20] [main/INFO]: Loading 4 mods:
	- fabricloader 0.16.3
	   \-- mixinextras 0.4.1
	- java 21
	- minecraft 1.21
[08:13:20] [main/INFO]: SpongePowered MIXIN Subsystem Version=0.8.7 Source=file:/workspaces/Server-amongus/servidor_minecraft/libraries/net/fabricmc/sponge-mixin/0.15.2+mixin.0.8.7/sponge-mixin-0.15.2+mixin.0.8.7.jar Service=Knot/Fabric Env=SERVER
[08:13:26] [main/INFO]: Environment: Environment[sessionHost=https://sessionserver.mojang.com, servicesHost=https://api.minecraftservices.com, name=PROD]
[08:13:27] [main/INFO]: No existing world data, creating new world
[08:13:28] [main/INFO]: Loaded 1290 recipes
[08:13:28] [main/INFO]: Loaded 1399 advancements
[08:13:28] [Server thread/INFO]: Starting minecraft server version 1.21
[08:13:28] [Server thread/INFO]: Loading properties
[08:13:28] [Server thread/INFO]: Default game type: SURVIVAL
[08:13:28] [Server thread/INFO]: Generating keypair
[08:13:28] [Server thread/INFO]: Starting Minecraft server on *:25565
[08:13:29] [Server thread/INFO]: Using epoll channel type
[08:13:29] [Server thread/WARN]: **** SERVER IS RUNNING IN OFFLINE/INSECURE MODE!
[08:13:29] [Server thread/WARN]: The server will make no attempt to authenticate usernames. Beware.
[08:13:29] [Server thread/WARN]: While this makes the game possible to play without internet access, it also opens up the ability for hackers to connect with any username they choose.
[08:13:29] [Server thread/WARN]: To change this, set "online-mode" to "true" in the server.properties file.
[08:13:29] [Server thread/INFO]: Preparing level "world"
[08:13:35] [Server thread/INFO]: Preparing start region for dimension minecraft:overworld
[08:13:35] [Worker-Main-1/INFO]: Preparing spawn area: 2%
[08:13:35] [Worker-Main-2/INFO]: Preparing spawn area: 2%
[08:13:36] [Worker-Main-2/INFO]: Preparing spawn area: 2%
[08:13:36] [Worker-Main-2/INFO]: Preparing spawn area: 2%
[08:13:37] [Worker-Main-3/INFO]: Preparing spawn area: 18%
[08:13:37] [Worker-Main-3/INFO]: Preparing spawn area: 18%
[08:13:38] [Worker-Main-1/INFO]: Preparing spawn area: 26%
[08:13:38] [Worker-Main-2/INFO]: Preparing spawn area: 51%
[08:13:39] [Worker-Main-2/INFO]: Preparing spawn area: 51%
[08:13:39] [Worker-Main-1/INFO]: Preparing spawn area: 51%
[08:13:39] [Server thread/INFO]: Time elapsed: 4641 ms
[08:13:39] [Server thread/INFO]: Done (10.656s)! For help, type "help"
